<?xml version="1.0" encoding="UTF-8"?>
<!-- Generated by org.testng.reporters.JUnitReportReporter -->
<testsuite hostname="DESKTOP-332EDPG" failures="0" tests="1" name="com.Capium.RunnerFiles.manage_FunctionalityRunner" time="66.388" errors="0" timestamp="2025-07-02T11:57:55 IST" skipped="0">
  <testcase classname="com.Capium.RunnerFiles.manage_FunctionalityRunner" name="runScenario" time="66.388"/>
</testsuite> <!-- com.Capium.RunnerFiles.manage_FunctionalityRunner -->
