<?xml version="1.0" encoding="UTF-8"?>
<!-- Generated by org.testng.reporters.JUnitReportReporter -->
<testsuite hostname="DESKTOP-332EDPG" failures="0" tests="1" name="com.Capium.RunnerFiles.LoginRunner" time="19.308" errors="0" timestamp="2025-07-07T11:59:14 IST" skipped="0">
  <testcase classname="com.Capium.RunnerFiles.LoginRunner" name="runScenario" time="19.308"/>
</testsuite> <!-- com.Capium.RunnerFiles.LoginRunner -->
