<?xml version="1.0" encoding="UTF-8"?>
<!-- Generated by org.testng.reporters.JUnitReportReporter -->
<testsuite hostname="DESKTOP-332EDPG" failures="0" tests="1" name="com.Capium.RunnerFiles.ImportExportPermissionsRunner" time="117.446" errors="0" timestamp="2025-09-28T17:26:40 IST" skipped="0">
  <testcase classname="com.Capium.RunnerFiles.ImportExportPermissionsRunner" name="runScenario" time="117.446"/>
</testsuite> <!-- com.Capium.RunnerFiles.ImportExportPermissionsRunner -->
