<?xml version="1.0" encoding="UTF-8"?>
<!-- Generated by org.testng.reporters.JUnitReportReporter -->
<testsuite hostname="DESKTOP-332EDPG" failures="0" tests="1" name="com.Capium.RunnerFiles.DashboardRunner" time="29.809" errors="0" timestamp="2025-09-26T19:48:57 IST" skipped="0">
  <testcase classname="com.Capium.RunnerFiles.DashboardRunner" name="runScenario" time="29.809"/>
</testsuite> <!-- com.Capium.RunnerFiles.DashboardRunner -->
