<?xml version="1.0" encoding="UTF-8"?>
<!-- Generated by org.testng.reporters.JUnitReportReporter -->
<testsuite hostname="DESKTOP-332EDPG" failures="0" tests="1" name="com.Capium.RunnerFiles.TradingandDormantRunner" time="185.154" errors="0" timestamp="2025-09-29T15:49:55 IST" skipped="0">
  <testcase classname="com.Capium.RunnerFiles.TradingandDormantRunner" name="runScenario" time="185.154"/>
</testsuite> <!-- com.Capium.RunnerFiles.TradingandDormantRunner -->
