<?xml version="1.0" encoding="UTF-8"?>
<!-- Generated by org.testng.reporters.JUnitReportReporter -->
<testsuite hostname="DESKTOP-332EDPG" failures="0" tests="1" name="com.Capium.RunnerFiles.UserCreationRunner" time="47.800" errors="0" timestamp="2025-07-03T12:43:50 IST" skipped="0">
  <testcase classname="com.Capium.RunnerFiles.UserCreationRunner" name="runScenario" time="47.800"/>
</testsuite> <!-- com.Capium.RunnerFiles.UserCreationRunner -->
