<?xml version="1.0" encoding="UTF-8"?>
<!-- Generated by org.testng.reporters.JUnitReportReporter -->
<testsuite hostname="DESKTOP-332EDPG" failures="0" tests="1" name="com.Capium.RunnerFiles.DashboardRunner" time="26.767" errors="0" timestamp="2025-09-23T00:42:50 IST" skipped="0">
  <testcase classname="com.Capium.RunnerFiles.DashboardRunner" name="runScenario" time="26.767"/>
</testsuite> <!-- com.Capium.RunnerFiles.DashboardRunner -->
