<?xml version="1.0" encoding="UTF-8"?>
<!-- Generated by org.testng.reporters.JUnitReportReporter -->
<testsuite hostname="DESKTOP-332EDPG" failures="0" tests="1" name="com.Capium.RunnerFiles.LoginRunner" time="42.136" errors="0" timestamp="2025-09-25T22:46:56 IST" skipped="0">
  <testcase classname="com.Capium.RunnerFiles.LoginRunner" name="runScenario" time="42.136"/>
</testsuite> <!-- com.Capium.RunnerFiles.LoginRunner -->
