<?xml version="1.0" encoding="UTF-8"?>
<!-- Generated by org.testng.reporters.JUnitReportReporter -->
<testsuite hostname="DESKTOP-332EDPG" failures="0" tests="2" name="com.Capium.RunnerFiles.CapitalAllowances_CalculatorRunner" time="723.564" errors="0" timestamp="2025-09-25T23:51:40 IST" skipped="0">
  <testcase classname="com.Capium.RunnerFiles.CapitalAllowances_CalculatorRunner" name="runScenario" time="537.088"/>
  <testcase classname="com.Capium.RunnerFiles.CapitalAllowances_CalculatorRunner" name="runScenario" time="186.476"/>
</testsuite> <!-- com.Capium.RunnerFiles.CapitalAllowances_CalculatorRunner -->
