<?xml version="1.0" encoding="UTF-8"?>
<!-- Generated by org.testng.reporters.JUnitReportReporter -->
<testsuite hostname="DESKTOP-332EDPG" failures="0" tests="3" name="com.Capium.RunnerFiles.ManageRunner" time="166.078" errors="0" timestamp="2025-09-28T18:55:49 IST" skipped="0">
  <testcase classname="com.Capium.RunnerFiles.ManageRunner" name="runScenario" time="41.021"/>
  <testcase classname="com.Capium.RunnerFiles.ManageRunner" name="runScenario" time="42.676"/>
  <testcase classname="com.Capium.RunnerFiles.ManageRunner" name="runScenario" time="82.381"/>
</testsuite> <!-- com.Capium.RunnerFiles.ManageRunner -->
