<?xml version="1.0" encoding="UTF-8"?>
<!-- Generated by org.testng.reporters.JUnitReportReporter -->
<testsuite hostname="DESKTOP-332EDPG" failures="0" tests="1" name="com.Capium.RunnerFiles.User_AssignClientRunner" time="93.244" errors="0" timestamp="2025-07-03T12:02:52 IST" skipped="0">
  <testcase classname="com.Capium.RunnerFiles.User_AssignClientRunner" name="runScenario" time="93.244"/>
</testsuite> <!-- com.Capium.RunnerFiles.User_AssignClientRunner -->
