<?xml version="1.0" encoding="UTF-8"?>
<!-- Generated by org.testng.reporters.JUnitReportReporter -->
<testsuite hostname="DESKTOP-332EDPG" failures="0" tests="1" name="com.Capium.RunnerFiles.UserDeletionRunner" time="69.825" errors="0" timestamp="2025-07-02T22:20:51 IST" skipped="0">
  <testcase classname="com.Capium.RunnerFiles.UserDeletionRunner" name="runScenario" time="69.825"/>
</testsuite> <!-- com.Capium.RunnerFiles.UserDeletionRunner -->
