<?xml version="1.0" encoding="UTF-8"?>
<!-- Generated by org.testng.reporters.JUnitReportReporter -->
<testsuite hostname="DESKTOP-3PKNHUN" failures="0" tests="1" name="com.Capium.RunnerFiles.AccountingPeriodRunner" time="47.079" errors="0" timestamp="2025-07-01T12:15:17 IST" skipped="0">
  <testcase classname="com.Capium.RunnerFiles.AccountingPeriodRunner" name="runScenario" time="47.079"/>
</testsuite> <!-- com.Capium.RunnerFiles.AccountingPeriodRunner -->
